V "4.11.0.0"
R
P 0x7feb0083b008
P 0x6000016c01e8
C 481
= 0x6000029cc038
R
P 0x7feb0083b008
C 391
R
P 0x7feb0083b008
P 0x6000029cc038
C 521
R
P 0x7feb0083b008
P 0x6000029cc038
C 523
R
P 0x7feb0083b008
C 391
R
P 0x7feb0083b008
P 0x6000029cc038
U 0
C 524
= 0x7feb0095b6f0
R
P 0x7feb0083b008
C 391
R
P 0x7feb0083b008
P 0x7feb0095b6f0
C 9
R
P 0x7feb0083b008
P 0x6000029cc038
U 1
C 524
= 0x7feb0095b6f0
R
P 0x7feb0083b008
C 391
R
P 0x7feb0083b008
P 0x7feb0095b6f0
C 9
R
P 0x7feb0083b008
P 0x6000029cc038
U 2
C 524
= 0x7feb0095b6f0
R
P 0x7feb0083b008
C 391
R
P 0x7feb0083b008
P 0x7feb0095b6f0
C 9
R
P 0x7feb0083b008
P 0x6000029cc038
U 3
C 524
= 0x7feb0095b6f0
R
P 0x7feb0083b008
C 391
R
P 0x7feb0083b008
P 0x7feb0095b6f0
C 9
R
P 0x7feb0083b008
P 0x6000029cc038
U 4
C 524
= 0x7feb0095b6f0
R
P 0x7feb0083b008
C 391
R
P 0x7feb0083b008
P 0x7feb0095b6f0
C 9
R
P 0x7feb0083b008
P 0x6000029cc038
U 5
C 524
= 0x7feb0095b6f0
R
P 0x7feb0083b008
C 391
R
P 0x7feb0083b008
P 0x7feb0095b6f0
C 9
R
P 0x7feb0083b008
P 0x6000029cc038
U 6
C 524
= 0x7feb0095b6f0
R
P 0x7feb0083b008
C 391
R
P 0x7feb0083b008
P 0x7feb0095b6f0
C 9
R
P 0x7feb0083b008
P 0x6000029cc038
U 7
C 524
= 0x7feb0095b6f0
R
P 0x7feb0083b008
C 391
R
P 0x7feb0083b008
P 0x7feb0095b6f0
C 9
R
P 0x7feb0083b008
P 0x6000029cc038
U 8
C 524
= 0x7feb0095b6f0
R
P 0x7feb0083b008
C 391
R
P 0x7feb0083b008
P 0x7feb0095b6f0
C 9
R
P 0x7feb0083b008
P 0x6000029cc038
U 9
C 524
= 0x7feb0095b6f0
R
P 0x7feb0083b008
C 391
R
P 0x7feb0083b008
P 0x7feb0095b6f0
C 9
R
P 0x7feb0083b008
P 0x6000029cc038
U 10
C 524
= 0x7feb0095b6f0
R
P 0x7feb0083b008
C 391
R
P 0x7feb0083b008
P 0x7feb0095b6f0
C 9
R
P 0x7feb0083b008
P 0x6000029cc038
U 11
C 524
= 0x7feb0095b6f0
R
P 0x7feb0083b008
C 391
R
P 0x7feb0083b008
P 0x7feb0095b6f0
C 9
R
P 0x7feb0083b008
P 0x6000029cc038
U 12
C 524
= 0x7feb0095b6f0
R
P 0x7feb0083b008
C 391
R
P 0x7feb0083b008
P 0x7feb0095b6f0
C 9
R
P 0x7feb0083b008
P 0x6000029cc038
U 13
C 524
= 0x7feb0095b6f0
R
P 0x7feb0083b008
C 391
R
P 0x7feb0083b008
P 0x7feb0095b6f0
C 9
R
P 0x7feb0083b008
P 0x6000029cc038
U 14
C 524
= 0x7feb0095b6f0
R
P 0x7feb0083b008
C 391
R
P 0x7feb0083b008
P 0x7feb0095b6f0
C 9
R
P 0x7feb0083b008
P 0x6000029cc038
U 15
C 524
= 0x7feb0095b6f0
R
P 0x7feb0083b008
C 391
R
P 0x7feb0083b008
P 0x7feb0095b6f0
C 9
R
P 0x7feb0083b008
P 0x6000029cc038
U 16
C 524
= 0x7feb0095b6f0
R
P 0x7feb0083b008
C 391
R
P 0x7feb0083b008
P 0x7feb0095b6f0
C 9
R
P 0x7feb0083b008
P 0x6000029cc038
U 17
C 524
= 0x7feb0095b6f0
R
P 0x7feb0083b008
C 391
R
P 0x7feb0083b008
P 0x7feb0095b6f0
C 9
R
P 0x7feb0083b008
P 0x6000029cc038
U 18
C 524
= 0x7feb0095b6f0
R
P 0x7feb0083b008
C 391
R
P 0x7feb0083b008
P 0x7feb0095b6f0
C 9
R
P 0x7feb0083b008
P 0x6000029cc038
U 19
C 524
= 0x7feb0095b6f0
R
P 0x7feb0083b008
C 391
R
P 0x7feb0083b008
P 0x7feb0095b6f0
C 9
R
P 0x7feb0083b008
P 0x6000029cc038
U 20
C 524
= 0x7feb0095b6f0
R
P 0x7feb0083b008
C 391
R
P 0x7feb0083b008
P 0x7feb0095b6f0
C 9
R
P 0x7feb0083b008
P 0x6000029cc038
U 21
C 524
= 0x7feb0095b6f0
R
P 0x7feb0083b008
C 391
R
P 0x7feb0083b008
P 0x7feb0095b6f0
C 9
R
P 0x7feb0083b008
P 0x6000029cc038
U 22
C 524
= 0x7feb0095b6f0
R
P 0x7feb0083b008
C 391
R
P 0x7feb0083b008
P 0x7feb0095b6f0
C 9
R
P 0x7feb0083b008
P 0x6000029cc038
U 23
C 524
= 0x7feb0095b6f0
R
P 0x7feb0083b008
C 391
R
P 0x7feb0083b008
P 0x7feb0095b6f0
C 9
R
P 0x7feb0083b008
P 0x6000029cc038
U 24
C 524
= 0x7feb0095b6f0
R
P 0x7feb0083b008
C 391
R
P 0x7feb0083b008
P 0x7feb0095b6f0
C 9
R
P 0x7feb0083b008
P 0x6000029cc038
U 25
C 524
= 0x7feb0095b6f0
R
P 0x7feb0083b008
C 391
R
P 0x7feb0083b008
P 0x7feb0095b6f0
C 9
R
P 0x7feb0083b008
P 0x6000029cc038
U 26
C 524
= 0x7feb0095b6f0
R
P 0x7feb0083b008
C 391
R
P 0x7feb0083b008
P 0x7feb0095b6f0
C 9
R
P 0x7feb0083b008
P 0x6000029cc038
U 27
C 524
= 0x7feb0095b6f0
R
P 0x7feb0083b008
C 391
R
P 0x7feb0083b008
P 0x7feb0095b6f0
C 9
R
P 0x7feb0083b008
P 0x6000029cc038
U 28
C 524
= 0x7feb0095b6f0
R
P 0x7feb0083b008
C 391
R
P 0x7feb0083b008
P 0x7feb0095b6f0
C 9
R
P 0x7feb0083b008
P 0x6000029cc038
U 29
C 524
= 0x7feb0095b6f0
R
P 0x7feb0083b008
C 391
R
P 0x7feb0083b008
P 0x7feb0095b6f0
C 9
R
P 0x7feb0083b008
P 0x6000029cc038
U 30
C 524
= 0x7feb0095b6f0
R
P 0x7feb0083b008
C 391
R
P 0x7feb0083b008
P 0x7feb0095b6f0
C 9
R
P 0x7feb0083b008
P 0x6000029cc038
U 31
C 524
= 0x7feb0259fd08
R
P 0x7feb0083b008
C 391
R
P 0x7feb0083b008
P 0x7feb0259fd08
C 9
R
P 0x7feb0083b008
P 0x6000029cc038
U 32
C 524
= 0x7feb0095b6f0
R
P 0x7feb0083b008
C 391
R
P 0x7feb0083b008
P 0x7feb0095b6f0
C 9
R
P 0x7feb0083b008
P 0x6000029cc038
U 33
C 524
= 0x7feb0095b6f0
R
P 0x7feb0083b008
C 391
R
P 0x7feb0083b008
P 0x7feb0095b6f0
C 9
R
P 0x7feb0083b008
P 0x6000029cc038
U 34
C 524
= 0x7feb0098b858
R
P 0x7feb0083b008
C 391
R
P 0x7feb0083b008
P 0x7feb0098b858
C 9
R
P 0x7feb0083b008
P 0x6000016c01e8
C 508
R
P 0x7feb0083b008
C 391
R
P 0x7feb0083b008
P 0x7feb02818b38
C 10
R
P 0x7feb0083b008
P 0x7feb0095d2f0
C 10
R
P 0x7feb0083b008
P 0x7feb028186a0
C 10
R
P 0x7feb0083b008
P 0x7feb02818358
C 10
R
P 0x7feb0083b008
P 0x7feb02818320
C 10
R
P 0x7feb0083b008
P 0x7feb008cf2f8
C 10
R
P 0x7feb0083b008
P 0x7feb0095b840
C 10
R
P 0x7feb0083b008
P 0x7feb02810ad8
C 10
R
P 0x7feb0083b008
P 0x7feb028119f8
C 10
R
P 0x7feb0083b008
P 0x7feb02818a58
C 10
R
P 0x7feb0083b008
P 0x7feb0095b4f8
C 10
R
P 0x7feb0083b008
P 0x7feb0281b0e0
C 10
R
P 0x7feb0083b008
P 0x7feb02810ad8
C 10
R
P 0x7feb0083b008
P 0x7feb02811f78
C 10
R
P 0x7feb0083b008
P 0x7feb02810ad8
C 10
R
P 0x7feb0083b008
P 0x7feb028117b8
C 10
R
P 0x7feb0083b008
P 0x7feb0095b6f0
C 10
R
P 0x7feb0083b008
P 0x7feb009459d0
C 10
R
P 0x7feb0083b008
P 0x7feb02810ad8
C 10
R
P 0x7feb0083b008
P 0x7feb02811f78
C 10
R
P 0x7feb0083b008
P 0x7feb02810ad8
C 10
R
P 0x7feb0083b008
P 0x7feb028117b8
C 10
R
P 0x7feb0083b008
P 0x7feb0095b6f0
C 10
R
P 0x7feb0083b008
P 0x7feb0095d168
C 10
R
P 0x7feb0083b008
P 0x7feb009464c0
C 10
R
P 0x7feb0083b008
P 0x7feb02818e10
C 10
R
P 0x7feb0083b008
P 0x7feb02814208
C 10
R
P 0x7feb0083b008
P 0x7feb0095baa8
C 10
R
P 0x7feb0083b008
P 0x7feb02810ad8
C 10
R
P 0x7feb0083b008
P 0x7feb0084ac68
C 10
R
P 0x7feb0083b008
P 0x7feb02814328
C 10
R
P 0x7feb0083b008
P 0x7feb008cedf0
C 10
R
P 0x7feb0083b008
P 0x7feb0095ca68
C 10
R
P 0x7feb0083b008
P 0x7feb009458f0
C 10
R
P 0x7feb0083b008
P 0x7feb02810ad8
C 10
R
P 0x7feb0083b008
P 0x7feb02811f78
C 10
R
P 0x7feb0083b008
P 0x7feb02810ad8
C 10
R
P 0x7feb0083b008
P 0x7feb028117b8
C 10
R
P 0x7feb0083b008
P 0x7feb0095b6f0
C 10
R
P 0x7feb0083b008
P 0x7feb0084bd78
C 10
R
P 0x7feb0083b008
P 0x7feb02810ad8
C 10
R
P 0x7feb0083b008
P 0x7feb02811f78
C 10
R
P 0x7feb0083b008
P 0x7feb02810ad8
C 10
R
P 0x7feb0083b008
P 0x7feb028117b8
C 10
R
P 0x7feb0083b008
P 0x7feb0095b6f0
C 10
R
P 0x7feb0083b008
P 0x7feb008ce760
C 10
R
P 0x7feb0083b008
P 0x7feb0084b2f8
C 10
R
P 0x7feb0083b008
P 0x7feb008cf480
C 10
R
P 0x7feb0083b008
P 0x7feb02814238
C 10
R
P 0x7feb0083b008
P 0x7feb00944930
C 10
R
P 0x7feb0083b008
P 0x7feb02810ad8
C 10
R
P 0x7feb0083b008
P 0x7feb0084ac68
C 10
R
P 0x7feb0083b008
P 0x7feb02814328
C 10
R
P 0x7feb0083b008
P 0x7feb009460d0
C 10
R
P 0x7feb0083b008
P 0x7feb02817868
C 10
R
P 0x7feb0083b008
P 0x7feb0095cbf0
C 10
R
P 0x7feb0083b008
P 0x7feb02810ad8
C 10
R
P 0x7feb0083b008
P 0x7feb0084ac68
C 10
R
P 0x7feb0083b008
P 0x7feb0098b288
C 10
R
P 0x7feb0083b008
P 0x7feb008cebf8
C 10
R
P 0x7feb0083b008
P 0x7feb02810ad8
C 10
R
P 0x7feb0083b008
P 0x7feb0084ac68
C 10
R
P 0x7feb0083b008
P 0x7feb02814328
C 10
R
P 0x7feb0083b008
P 0x7feb00945768
C 10
R
P 0x7feb0083b008
P 0x7feb02810ad8
C 10
R
P 0x7feb0083b008
P 0x7feb0084ac68
C 10
R
P 0x7feb0083b008
P 0x7feb02814328
C 10
R
P 0x7feb0083b008
P 0x7feb0084a8e8
C 10
R
P 0x7feb0083b008
P 0x7feb00945e30
C 10
R
P 0x7feb0083b008
P 0x7feb02810ad8
C 10
R
P 0x7feb0083b008
P 0x7feb028119f8
C 10
R
P 0x7feb0083b008
P 0x7feb02818748
C 10
R
P 0x7feb0083b008
P 0x7feb00945ca8
C 10
R
P 0x7feb0083b008
P 0x7feb0281b1b8
C 10
R
P 0x7feb0083b008
P 0x7feb008ceaa8
C 10
R
P 0x7feb0083b008
P 0x7feb0281b290
C 10
R
P 0x7feb0083b008
P 0x7feb0259fd08
C 10
R
P 0x7feb0083b008
P 0x7feb02812698
C 10
R
P 0x7feb0083b008
P 0x7feb02810ad8
C 10
R
P 0x7feb0083b008
P 0x7feb02811f78
C 10
R
P 0x7feb0083b008
P 0x7feb02810ad8
C 10
R
P 0x7feb0083b008
P 0x7feb028117b8
C 10
R
P 0x7feb0083b008
P 0x7feb0095b6f0
C 10
R
P 0x7feb0083b008
P 0x7feb0095ce58
C 10
R
P 0x7feb0083b008
P 0x7feb02810ad8
C 10
R
P 0x7feb0083b008
P 0x7feb02811f78
C 10
R
P 0x7feb0083b008
P 0x7feb02810ad8
C 10
R
P 0x7feb0083b008
P 0x7feb028117b8
C 10
R
P 0x7feb0083b008
P 0x7feb0095b6f0
C 10
R
P 0x7feb0083b008
P 0x7feb0084bc28
C 10
R
P 0x7feb0083b008
P 0x7feb0084c018
C 10
R
P 0x7feb0083b008
P 0x7feb009464f8
C 10
R
P 0x7feb0083b008
P 0x7feb0098ab98
C 10
R
P 0x7feb0083b008
P 0x7feb0095c1a8
C 10
R
P 0x7feb0083b008
P 0x7feb02810ad8
C 10
R
P 0x7feb0083b008
P 0x7feb0084ac68
C 10
R
P 0x7feb0083b008
P 0x7feb0098b288
C 10
R
P 0x7feb0083b008
P 0x7feb00945df8
C 10
R
P 0x7feb0083b008
P 0x7feb02817948
C 10
R
P 0x7feb0083b008
P 0x7feb009606d8
C 10
R
P 0x7feb0083b008
P 0x7feb0098b858
C 10
R
P 0x7feb0083b008
P 0x6000029cc038
C 522
R
P 0x7feb0083b008
P 0x7feb0095b6f0
C 10
R
P 0x7feb0083b008
P 0x7feb0095b6f0
C 10
R
P 0x7feb0083b008
P 0x7feb0095b6f0
C 10
R
P 0x7feb0083b008
P 0x7feb0095b6f0
C 10
R
P 0x7feb0083b008
P 0x7feb0095b6f0
C 10
R
P 0x7feb0083b008
P 0x7feb0095b6f0
C 10
R
P 0x7feb0083b008
P 0x7feb0095b6f0
C 10
R
P 0x7feb0083b008
P 0x7feb0095b6f0
C 10
R
P 0x7feb0083b008
P 0x7feb0095b6f0
C 10
R
P 0x7feb0083b008
P 0x7feb0095b6f0
C 10
R
P 0x7feb0083b008
P 0x7feb0095b6f0
C 10
R
P 0x7feb0083b008
P 0x7feb0095b6f0
C 10
R
P 0x7feb0083b008
P 0x7feb0095b6f0
C 10
R
P 0x7feb0083b008
P 0x7feb0095b6f0
C 10
R
P 0x7feb0083b008
P 0x7feb0095b6f0
C 10
R
P 0x7feb0083b008
P 0x7feb0095b6f0
C 10
R
P 0x7feb0083b008
P 0x7feb0095b6f0
C 10
R
P 0x7feb0083b008
P 0x7feb0095b6f0
C 10
R
P 0x7feb0083b008
P 0x7feb0095b6f0
C 10
R
P 0x7feb0083b008
P 0x7feb0095b6f0
C 10
R
P 0x7feb0083b008
P 0x7feb0095b6f0
C 10
R
P 0x7feb0083b008
P 0x7feb0095b6f0
C 10
R
P 0x7feb0083b008
P 0x7feb0095b6f0
C 10
R
P 0x7feb0083b008
P 0x7feb0095b6f0
C 10
R
P 0x7feb0083b008
P 0x7feb0095b6f0
C 10
R
P 0x7feb0083b008
P 0x7feb0095b6f0
C 10
R
P 0x7feb0083b008
P 0x7feb0095b6f0
C 10
R
P 0x7feb0083b008
P 0x7feb0095b6f0
C 10
R
P 0x7feb0083b008
P 0x7feb0095b6f0
C 10
R
P 0x7feb0083b008
P 0x7feb0095b6f0
C 10
R
P 0x7feb0083b008
P 0x7feb0095b6f0
C 10
R
P 0x7feb0083b008
P 0x7feb0259fd08
C 10
R
P 0x7feb0083b008
P 0x7feb0095b6f0
C 10
R
P 0x7feb0083b008
P 0x7feb0095b6f0
C 10
R
P 0x7feb0083b008
P 0x7feb0098b858
C 10
R
P 0x7feb0083b008
P 0x7feb0095b6f0
C 10
R
P 0x7feb0083b008
P 0x7feb02810ad8
C 10
R
P 0x7feb0083b008
P 0x7feb02811f78
C 10
R
P 0x7feb0083b008
P 0x7feb02816598
C 10
R
P 0x7feb0083b008
P 0x7feb02818080
C 10
R
P 0x7feb0083b008
P 0x7feb0095d2f0
C 10
R
P 0x7feb0083b008
P 0x7feb0095d328
C 10
R
P 0x7feb0083b008
P 0x7feb02810ad8
C 10
R
P 0x7feb0083b008
P 0x7feb02811f78
C 10
R
P 0x7feb0083b008
P 0x7feb00945dc0
C 10
R
P 0x7feb0083b008
P 0x7feb02810ad8
C 10
R
P 0x7feb0083b008
P 0x7feb02811358
C 10
R
P 0x7feb0083b008
P 0x7feb028154d8
C 10
R
P 0x7feb0083b008
P 0x7feb028157d8
C 10
R
P 0x7feb0083b008
P 0x7feb02815c98
C 10
R
P 0x7feb0083b008
P 0x7feb02811fb8
C 10
R
P 0x7feb0083b008
P 0x7feb02811f58
C 10
R
P 0x7feb0083b008
P 0x7feb02811ab8
C 10
R
P 0x7feb0083b008
P 0x7feb02811418
C 10
R
P 0x7feb0083b008
P 0x7feb02811a98
C 10
R
P 0x7feb0083b008
P 0x7feb02811bb8
C 10
R
P 0x7feb0083b008
P 0x7feb02811958
C 10
R
P 0x7feb0083b008
P 0x7feb02812078
C 10
R
P 0x7feb0083b008
P 0x7feb02811ff8
C 10
R
P 0x7feb0083b008
P 0x7feb02811e98
C 10
R
P 0x7feb0083b008
P 0x7feb02811c38
C 10
R
P 0x7feb0083b008
P 0x7feb02811bf8
C 10
R
P 0x7feb0083b008
P 0x7feb02811b98
C 10
R
P 0x7feb0083b008
P 0x7feb02811558
C 10
R
P 0x7feb0083b008
P 0x7feb02811fd8
C 10
R
P 0x7feb0083b008
P 0x7feb028120b8
C 10
R
P 0x7feb0083b008
P 0x7feb02811fb8
C 10
R
P 0x7feb0083b008
P 0x7feb02811f58
C 10
R
P 0x7feb0083b008
P 0x7feb02811ab8
C 10
R
P 0x7feb0083b008
P 0x7feb02811418
C 10
R
P 0x7feb0083b008
P 0x7feb02811a98
C 10
R
P 0x7feb0083b008
P 0x7feb02811bb8
C 10
R
P 0x7feb0083b008
P 0x7feb02811958
C 10
R
P 0x7feb0083b008
P 0x7feb02812078
C 10
R
P 0x7feb0083b008
P 0x7feb02811ff8
C 10
R
P 0x7feb0083b008
P 0x7feb02811e98
C 10
R
P 0x7feb0083b008
P 0x7feb02811c38
C 10
R
P 0x7feb0083b008
P 0x7feb02811bf8
C 10
R
P 0x7feb0083b008
P 0x7feb02811b98
C 10
R
P 0x7feb0083b008
P 0x7feb02811558
C 10
R
P 0x7feb0083b008
P 0x7feb02811fd8
C 10
R
P 0x7feb0083b008
P 0x7feb02812038
C 10
R
P 0x7feb0083b008
P 0x7feb02811778
C 10
R
P 0x7feb0083b008
P 0x7feb02811458
C 10
R
P 0x7feb0083b008
P 0x7feb02811e58
C 10
R
P 0x7feb0083b008
P 0x7feb02811df8
C 10
R
P 0x7feb0083b008
P 0x7feb028121f8
C 10
R
P 0x7feb0083b008
P 0x7feb02812218
C 10
R
P 0x7feb0083b008
P 0x7feb02811eb8
C 10
R
P 0x7feb0083b008
P 0x7feb02811898
C 10
R
P 0x7feb0083b008
P 0x7feb02812318
C 10
R
P 0x7feb0083b008
P 0x7feb02812258
C 10
R
P 0x7feb0083b008
P 0x7feb02811cd8
C 10
R
P 0x7feb0083b008
P 0x7feb02811798
C 10
R
P 0x7feb0083b008
P 0x7feb028114d8
C 10
R
P 0x7feb0083b008
P 0x7feb02812238
C 10
R
P 0x7feb0083b008
P 0x7feb02811a18
C 10
R
P 0x7feb0083b008
P 0x7feb028117d8
C 10
R
P 0x7feb0083b008
P 0x7feb028115f8
C 10
R
P 0x7feb0083b008
P 0x7feb028116b8
C 10
R
P 0x7feb0083b008
P 0x7feb02811878
C 10
R
P 0x7feb0083b008
P 0x7feb02811d38
C 10
R
P 0x7feb0083b008
P 0x7feb02810a18
C 10
R
P 0x7feb0083b008
P 0x7feb02811738
C 10
R
P 0x7feb0083b008
P 0x7feb02811818
C 10
R
P 0x7feb0083b008
P 0x7feb02811b38
C 10
R
P 0x7feb0083b008
P 0x7feb028116d8
C 10
R
P 0x7feb0083b008
P 0x7feb02811938
C 10
R
P 0x7feb0083b008
P 0x7feb02810ad8
C 10
R
P 0x7feb0083b008
P 0x7feb02811498
C 10
R
P 0x7feb0083b008
P 0x7feb02812298
C 10
R
P 0x7feb0083b008
P 0x7feb02812278
C 10
R
P 0x7feb0083b008
P 0x7feb02811c58
C 10
R
P 0x7feb0083b008
P 0x7feb02811dd8
C 10
R
P 0x7feb0083b008
P 0x7feb02811538
C 10
R
P 0x7feb0083b008
P 0x7feb02811478
C 10
R
P 0x7feb0083b008
P 0x7feb028120d8
C 10
R
P 0x7feb0083b008
P 0x7feb028122b8
C 10
R
P 0x7feb0083b008
P 0x7feb02812098
C 10
R
P 0x7feb0083b008
P 0x7feb028121d8
C 10
R
P 0x7feb0083b008
P 0x7feb02811d98
C 10
R
P 0x7feb0083b008
P 0x7feb02811af8
C 10
R
P 0x7feb0083b008
P 0x6000016c01e8
C 508
R
P 0x7feb0083b008
C 391
